<?xml version="1.0" encoding="UTF-8"?>
<testsuite xmlns:xsi="http://www.w3.org/2001/XMLSchema-instance" xsi:noNamespaceSchemaLocation="https://maven.apache.org/surefire/maven-surefire-plugin/xsd/surefire-test-report.xsd" name="com.mycompany.app.model.PaymentTest" time="0.006" tests="1" errors="0" skipped="0" failures="0">
  <properties/>
  <testcase name="testGetCurrencyStr" classname="com.mycompany.app.model.PaymentTest" time="0.004"/>
</testsuite>