<?xml version="1.0" encoding="UTF-8"?>
<testsuite xmlns:xsi="http://www.w3.org/2001/XMLSchema-instance" xsi:noNamespaceSchemaLocation="https://maven.apache.org/surefire/maven-surefire-plugin/xsd/surefire-test-report.xsd" name="com.mycompany.app.model.UserTests" time="0.002" tests="2" errors="0" skipped="0" failures="0">
  <properties/>
  <testcase name="userHasDefaultNativeCurrency" classname="com.mycompany.app.model.UserTests" time="0.001"/>
  <testcase name="userHasZeroBalanceOnCreation" classname="com.mycompany.app.model.UserTests" time="0"/>
</testsuite>